<?xml version="1.0" ?>
<items xmlns:ns="http://example.com/ns">
  <ns:item ns:id="5A23" />
</items>
